2.16702
2.14606
2.10176
2.0471
1.98985
1.93421
1.88229
1.83493
1.79234
1.75434
1.72058
1.69066
1.66413
1.64061
1.6197
1.60106
1.58438
1.5694
1.55588
1.54361
1.5324
1.52211
1.51258
1.50371
1.49537
1.48748
1.47995
1.47271
1.46567
1.45879
1.45199
1.44521
1.43842
1.43153
1.42452
1.41732
1.40988
1.40216
1.39411
1.38571
1.3769
1.36766
1.35795
1.34777
1.33708
1.32586
1.3141
1.30179
1.2889
1.27542
1.26134
1.24665
1.23133
1.21538
1.1988
1.18159
1.16374
1.14527
1.12619
1.10651
1.08625
1.06545
1.04412
1.0223
1.00002
0.97732
0.954247
0.930842
0.907153
0.883229
0.859122
0.834885
0.810572
0.786238
0.761938
0.737725
0.713655
0.689777
0.666144
0.642803
0.6198
0.597178
0.574977
0.553232
0.531976
0.51124
End training
100 test
