4.44788
3.80791
1.29062
0.704756
0.469987
0.348022
0.274878
0.226836
0.193245
0.168667
0.15006
0.135598
0.124125
0.114876
0.107328
0.101111
0.0959571
0.0916688
0.0880979
0.0851317
0.0826834
0.0806858
0.0790865
0.0778451
0.0769303
0.0763183
0.0759916
0.0759381
0.0761502
0.0766245
0.0773614
0.078365
0.0796426
0.0812052
0.083067
0.0852459
0.0877636
0.0906453
0.0939205
0.0976227
0.10179
0.106464
0.111692
0.117525
0.124017
0.131226
0.13921
0.148031
0.157746
0.168409
0.180066
0.192753
0.206491
0.221281
0.237104
0.253915
0.271646
0.290203
0.309473
0.329325
0.349618
0.370205
0.390939
0.411679
0.432291
0.45265
0.472636
0.492138
0.511046
0.529248
0.546637
0.563097
0.578514
0.59277
0.605748
0.617333
0.627413
0.635886
0.642661
0.647661
0.650825
0.652116
0.651515
0.649031
0.644695
0.638563
0.630717
0.621256
0.610303
0.597993
0.584475
0.569908
0.554452
0.538269
0.52152
0.504357
0.486927
0.469364
0.451791
0.434319
0.417045
0.400052
0.383412
0.367183
0.351413
0.336138
0.321385
0.307174
0.293515
0.280414
0.267869
0.255876
0.244425
0.233505
0.223102
0.213199
0.203779
End training
100 test
