1.54882
2.00828
2.16839
2.08756
1.94537
1.82087
1.7266
1.65771
1.60755
1.57078
1.54354
1.52309
1.50751
1.49544
1.4859
1.4782
1.47182
1.4664
1.46166
1.45742
1.45352
1.44987
1.44638
1.44301
1.43969
1.43642
1.43315
1.42988
1.42658
1.42326
1.4199
1.41649
1.41302
1.40949
1.40589
1.40221
1.39844
1.39456
1.39056
1.38641
1.38211
1.37761
1.37289
1.36792
1.36265
1.35704
1.35104
1.34459
1.33764
1.33012
1.32197
1.31312
1.30349
1.29302
1.28162
1.26922
1.25575
1.24114
1.2253
1.20817
1.18969
1.1698
1.14846
1.12565
1.10136
1.07559
1.04838
1.01979
0.989904
0.958841
0.926731
0.893726
0.859996
0.825722
0.791092
0.756299
0.721537
0.686994
0.652857
0.619298
0.586478
0.554541
0.523611
0.493793
End training
100 test
