6.1225
1.57763
0.591187
0.352303
0.245951
0.18694
0.149965
0.124914
0.106989
0.0936361
0.0833793
0.0753092
0.0688377
0.0635688
0.0592268
0.055615
0.0525891
0.0500415
0.0478909
0.0460745
0.0445438
0.0432605
0.0421947
0.0413227
0.0406259
0.0400899
0.0397034
0.0394583
0.0393487
0.0393709
0.0395235
0.0398067
0.0402225
0.0407749
0.0414695
0.0423139
0.0433178
0.044493
0.0458537
0.0474166
0.0492017
0.0512318
0.0535336
0.0561377
0.0590793
0.0623982
0.0661396
0.0703541
0.0750981
0.0804336
0.0864276
0.0931517
0.10068
0.109088
0.118448
0.128828
0.140283
0.152853
0.166561
0.181401
0.197343
0.214327
0.23227
0.251065
0.27059
0.290717
0.311313
0.332248
0.3534
0.374649
0.39588
0.416978
0.437825
0.458298
0.478266
0.497588
0.516114
0.533689
0.550151
0.565339
0.579091
0.591253
0.601684
0.610257
0.616864
0.621424
0.623883
0.624218
0.622438
0.618585
0.612733
0.604985
0.595471
0.584343
0.57177
0.557934
0.543023
0.527226
0.510732
0.49372
0.47636
0.458811
0.441213
0.423695
0.406367
0.389324
0.372645
0.356395
0.340625
0.325374
0.310672
0.296535
0.282975
0.269995
0.257592
0.24576
0.234487
0.223759
0.213559
End training
100 test
