3.99126
3.27772
1.62552
1.03143
0.751345
0.592093
0.490775
0.421394
0.371386
0.333978
0.305216
0.282645
0.264668
0.250203
0.238494
0.229001
0.221327
0.215179
0.210336
0.206631
0.203936
0.202155
0.201217
0.201068
0.201673
0.203006
0.205057
0.207821
0.211304
0.215519
0.220485
0.226225
0.232768
0.240145
0.24839
0.257537
0.267615
0.278654
0.290673
0.303684
0.317686
0.332663
0.348582
0.36539
0.383012
0.401355
0.420308
0.439743
0.459519
0.479492
0.499511
0.519432
0.539112
0.55842
0.57723
0.595425
0.612893
0.629526
0.645215
0.659854
0.67333
0.685532
0.696343
0.705648
0.713332
0.719284
0.7234
0.725585
0.725759
0.723855
0.719828
0.713655
0.705337
0.694901
0.682404
0.667931
0.651599
0.633551
0.613962
0.593032
0.570981
0.548049
0.524484
0.500536
0.476451
0.45246
0.428776
0.405582
0.383037
0.361267
0.340368
0.320409
0.301433
0.283462
0.266499
0.250531
0.235536
End training
100 test
