4.37073
3.77136
2.77634
2.02198
1.5275
1.20581
0.989459
0.837975
0.72797
0.645637
0.582521
0.533248
0.494276
0.463201
0.438348
0.418526
0.402871
0.390751
0.381698
0.375363
0.371485
0.369869
0.370367
0.372869
0.377287
0.383549
0.391589
0.401339
0.412713
0.425603
0.439861
0.455295
0.47166
0.488668
0.505995
0.523313
0.540312
0.556732
0.572378
0.587125
0.600911
0.613724
0.62558
0.636507
0.646533
0.655674
0.66393
0.671288
0.677716
0.683172
0.6876
0.690942
0.693134
0.694114
0.693825
0.692218
0.689253
0.684909
0.679177
0.672067
0.663608
0.653846
0.642847
0.630692
0.617476
0.603307
0.588301
0.572583
0.556277
0.53951
0.522407
0.505086
0.487662
0.470237
0.452908
0.435761
0.418869
0.402299
0.386104
0.37033
0.355013
0.340179
0.325851
0.312039
0.298753
0.285994
0.27376
0.262045
End training
100 test
