3.25925
3.10459
2.80233
2.47934
2.18361
1.93004
1.71957
1.54737
1.407
1.29228
1.19798
1.11996
1.05498
1.00055
0.954762
0.916135
0.883526
0.856047
0.832997
0.813829
0.798104
0.785475
0.775659
0.76842
0.763558
0.760889
0.760237
0.761422
0.764248
0.768501
0.773946
0.780326
0.787375
0.794826
0.802423
0.809937
0.81717
0.823968
0.830213
0.835826
0.840761
0.844992
0.848515
0.851331
0.853447
0.854866
0.855585
0.855596
0.854878
0.853406
0.851144
0.848052
0.844086
0.839203
0.833357
0.826511
0.818631
0.809692
0.799681
0.788596
0.776446
0.763257
0.749067
0.733926
0.717898
0.701058
0.683488
0.665281
0.646532
0.627341
0.60781
0.588039
0.568126
0.548166
0.528247
0.508453
0.488859
0.469534
0.45054
0.43193
0.41375
0.39604
0.378832
0.362154
0.346024
End training
100 test
