5.4805
4.20932
2.612
1.6503
1.12385
0.824553
0.640982
0.520235
0.436259
0.37528
0.329496
0.294219
0.26649
0.244362
0.226513
0.212018
0.200217
0.190631
0.182909
0.176794
0.172097
0.168684
0.166464
0.165382
0.165411
0.166552
0.16883
0.172289
0.176992
0.183016
0.190444
0.199359
0.20983
0.221899
0.235559
0.250738
0.267289
0.284977
0.303502
0.32252
0.341691
0.360718
0.37938
0.397544
0.415157
0.432226
0.448788
0.464889
0.480568
0.495844
0.510714
0.525155
0.53912
0.552542
0.565338
0.577411
0.588653
0.598944
0.608163
0.616186
0.622892
0.628168
0.631911
0.634036
0.634476
0.633189
0.630159
0.625395
0.618937
0.610848
0.60122
0.590165
0.577815
0.564315
0.549821
0.534494
0.518497
0.501989
0.485123
0.468042
0.45088
0.433755
0.416775
0.400031
0.383603
0.367554
0.351939
0.336799
0.322165
0.308058
0.294492
0.281475
0.269006
End training
100 test
