6.42615
3.8308
1.96904
1.10512
0.712395
0.506638
0.384676
0.305708
0.251217
0.21179
0.182203
0.159352
0.14129
0.12674
0.114835
0.104965
0.0966939
0.0896991
0.0837397
0.0786321
0.0742345
0.0704362
0.0671499
0.0643061
0.0618495
0.0597358
0.0579299
0.0564038
0.0551357
0.0541094
0.0533132
0.0527397
0.0523857
0.0522521
0.0523436
0.0526693
0.0532432
0.0540843
0.0552175
0.0566746
0.0584956
0.0607295
0.0634366
0.0666897
0.0705761
0.0751992
0.0806793
0.0871531
0.094771
0.10369
0.114061
0.126011
0.139617
0.154877
0.171688
0.189834
0.209008
0.228846
0.248997
0.269172
0.289174
0.308906
0.328343
0.347502
0.366417
0.385112
0.403597
0.421861
0.439868
0.457562
0.474867
0.491688
0.507914
0.523418
0.538059
0.551689
0.564152
0.575294
0.58496
0.593008
0.59931
0.603757
0.606269
0.606791
0.605305
0.601826
0.596402
0.589118
0.580087
0.569449
0.557364
0.54401
0.529573
0.514244
0.49821
0.481655
0.464751
0.447657
0.430517
0.413459
0.396594
0.380017
0.363806
0.348024
0.332721
0.317934
0.303689
0.290002
0.276883
0.264332
0.252346
0.240916
End training
100 test
