2.1384
2.16468
2.13485
2.077
2.00983
1.94341
1.88234
1.82818
1.78106
1.74044
1.70557
1.67568
1.65001
1.62792
1.60884
1.59229
1.57786
1.56521
1.55404
1.5441
1.53521
1.52716
1.51983
1.51306
1.50675
1.50079
1.49507
1.48951
1.484
1.47845
1.47278
1.46689
1.46071
1.45417
1.44721
1.43978
1.43186
1.42343
1.41448
1.40503
1.39507
1.38461
1.37367
1.36223
1.3503
1.33786
1.32489
1.31138
1.29729
1.2826
1.26729
1.25134
1.23472
1.21744
1.19948
1.18085
1.16154
1.14159
1.121
1.0998
1.07803
1.05571
1.0329
1.00962
0.985944
0.961908
0.937573
0.912995
0.888236
0.863357
0.838419
0.813487
0.788621
0.763884
0.739334
0.715028
0.691021
0.667363
0.6441
0.621276
0.598929
End training
100 test
