3.11759
3.16391
2.63579
2.12163
1.74462
1.47954
1.2909
1.15345
1.05091
0.972888
0.912603
0.865525
0.828546
0.799478
0.776744
0.759182
0.745919
0.736282
0.729746
0.725884
0.724348
0.724841
0.727106
0.730915
0.736062
0.742356
0.749623
0.757703
0.766445
0.775712
0.785376
0.795317
0.805423
0.815581
0.825684
0.835616
0.84526
0.854488
0.863163
0.87114
0.878261
0.884363
0.889274
0.89282
0.894826
0.895118
0.893532
0.889915
0.884131
0.876065
0.865636
0.852794
0.837533
0.819897
0.799976
0.777915
0.753908
0.728193
0.701042
0.672753
0.643636
0.614003
0.584155
0.554377
0.524923
0.496021
0.467863
0.440608
0.41438
0.389273
0.365351
0.342652
End training
100 test
