5.47089
2.83387
1.34768
0.833143
0.587906
0.448334
0.359828
0.29949
0.256175
0.223863
0.19904
0.179528
0.163913
0.151241
0.140848
0.132256
0.125121
0.119183
0.114248
0.110169
0.106831
0.104149
0.102056
0.100503
0.0994529
0.0988821
0.0987755
0.099127
0.0999385
0.10122
0.102987
0.105265
0.108086
0.111487
0.115516
0.120225
0.125678
0.131941
0.139089
0.147203
0.156363
0.166653
0.17815
0.190921
0.205015
0.220458
0.237242
0.255318
0.274595
0.294937
0.316165
0.338073
0.360432
0.383011
0.405589
0.42796
0.449947
0.471395
0.492171
0.512157
0.531245
0.549332
0.566315
0.582089
0.596546
0.609577
0.621073
0.630928
0.639041
0.645323
0.649697
0.652105
0.652508
0.650894
0.647274
0.641685
0.634193
0.624888
0.613882
0.601309
0.587317
0.572067
0.55573
0.538476
0.520478
0.501903
0.482913
0.46366
0.444283
0.424913
0.405666
0.386646
0.367947
0.34965
0.331827
0.314537
0.297833
0.281755
0.266338
0.251605
0.237572
End training
100 test
