2.0319
2.15952
2.15363
2.0793
1.98385
1.89043
1.80765
1.73737
1.67881
1.63037
1.59034
1.55718
1.52959
1.50647
1.48696
1.47032
1.45598
1.44346
1.43238
1.42241
1.41329
1.4048
1.39674
1.38897
1.38133
1.37371
1.36601
1.35814
1.35002
1.34158
1.33275
1.32348
1.3137
1.30338
1.29244
1.28085
1.26855
1.25548
1.24159
1.22682
1.21111
1.19442
1.17669
1.15789
1.13797
1.11692
1.0947
1.07133
1.04681
1.02116
0.994418
0.966643
0.937903
0.908287
0.877896
0.84685
0.81528
0.783327
0.751145
0.718888
0.686716
0.654785
0.623244
0.592237
0.561893
0.53233
0.503649
End training
100 test
