4.35838
3.21863
1.94141
1.30256
0.959533
0.753941
0.619868
0.526831
0.459202
0.408276
0.368866
0.337712
0.312672
0.29229
0.275544
0.261698
0.250214
0.240688
0.232815
0.226364
0.221155
0.217049
0.213941
0.211751
0.210418
0.209898
0.210164
0.211197
0.212991
0.215548
0.218876
0.222992
0.227917
0.233674
0.240291
0.247797
0.256216
0.265572
0.275882
0.287155
0.299388
0.312566
0.326659
0.34162
0.357383
0.373869
0.390981
0.408608
0.42663
0.444921
0.46335
0.481789
0.500112
0.518198
0.535936
0.55322
0.569954
0.586044
0.601406
0.615958
0.62962
0.642314
0.653965
0.664497
0.673837
0.681913
0.688657
0.694005
0.697899
0.700291
0.701141
0.700424
0.698126
0.69425
0.688816
0.681861
0.673437
0.663616
0.652483
0.640138
0.626692
0.612266
0.596985
0.580982
0.564388
0.547333
0.529944
0.512342
0.494641
0.476944
0.459348
0.441938
0.424787
0.407961
0.391514
0.375491
0.359928
0.344853
0.330285
0.316239
0.302723
0.289738
0.277284
0.265355
0.253942
End training
100 test
