6.33146
3.39602
1.25402
0.665741
0.430329
0.310226
0.23942
0.193584
0.16192
0.138985
0.121765
0.108471
0.0979804
0.089557
0.0827001
0.0770585
0.0723801
0.0684798
0.0652192
0.062494
0.060224
0.0583478
0.0568177
0.0555974
0.054659
0.0539821
0.0535521
0.0533598
0.0534007
0.0536747
0.0541859
0.0549427
0.0559577
0.0572483
0.0588368
0.060751
0.0630246
0.0656981
0.0688193
0.0724441
0.0766371
0.0814715
0.0870296
0.0934014
0.100683
0.108973
0.118368
0.128955
0.140802
0.15395
0.168401
0.184112
0.200994
0.218912
0.237697
0.257161
0.277116
0.297387
0.317825
0.33831
0.358748
0.379065
0.399195
0.419077
0.43864
0.457805
0.476479
0.494552
0.511905
0.528401
0.5439
0.558249
0.571298
0.582895
0.592897
0.601171
0.607601
0.612092
0.614575
0.615012
0.613395
0.609748
0.604131
0.596633
0.587373
0.576492
0.564155
0.550537
0.535825
0.520208
0.503874
0.487006
0.469777
0.452345
0.434858
0.417444
0.400216
0.383273
0.366694
0.350547
0.334883
0.319741
0.30515
0.29113
0.277689
0.264831
0.252554
0.240849
0.229704
0.219105
End training
100 test
